{"C:\\Users\\cgz\\calculator-app\\frontend\\src\\App.tsx": {"path":"C:\\Users\\cgz\\calculator-app\\frontend\\src\\App.tsx","all":false,"statementMap":{"0":{"start":{"line":1,"column":0},"end":{"line":1,"column":53}},"1":{"start":{"line":2,"column":0},"end":{"line":2,"column":55}},"2":{"start":{"line":3,"column":0},"end":{"line":3,"column":19}},"3":{"start":{"line":4,"column":0},"end":{"line":4,"column":0}},"4":{"start":{"line":5,"column":0},"end":{"line":5,"column":16}},"5":{"start":{"line":6,"column":0},"end":{"line":6,"column":10}},"6":{"start":{"line":7,"column":0},"end":{"line":7,"column":25}},"7":{"start":{"line":8,"column":0},"end":{"line":8,"column":21}},"8":{"start":{"line":9,"column":0},"end":{"line":9,"column":22}},"9":{"start":{"line":10,"column":0},"end":{"line":10,"column":22}},"10":{"start":{"line":11,"column":0},"end":{"line":11,"column":10}},"11":{"start":{"line":12,"column":0},"end":{"line":12,"column":4}},"12":{"start":{"line":13,"column":0},"end":{"line":13,"column":1}},"13":{"start":{"line":14,"column":0},"end":{"line":14,"column":0}},"14":{"start":{"line":15,"column":0},"end":{"line":15,"column":19}}},"s":{"0":1,"1":1,"2":1,"3":1,"4":1,"5":1,"6":1,"7":1,"8":1,"9":1,"10":1,"11":1,"12":1,"13":1,"14":1},"branchMap":{"0":{"type":"branch","line":5,"loc":{"start":{"line":5,"column":0},"end":{"line":13,"column":1}},"locations":[{"start":{"line":5,"column":0},"end":{"line":13,"column":1}}]}},"b":{"0":[1]},"fnMap":{"0":{"name":"App","decl":{"start":{"line":5,"column":0},"end":{"line":13,"column":1}},"loc":{"start":{"line":5,"column":0},"end":{"line":13,"column":1}},"line":5}},"f":{"0":1}}
,"C:\\Users\\cgz\\calculator-app\\frontend\\src\\main.tsx": {"path":"C:\\Users\\cgz\\calculator-app\\frontend\\src\\main.tsx","all":true,"statementMap":{"0":{"start":{"line":1,"column":0},"end":{"line":1,"column":26}},"1":{"start":{"line":2,"column":0},"end":{"line":2,"column":40}},"2":{"start":{"line":3,"column":0},"end":{"line":3,"column":24}},"3":{"start":{"line":4,"column":0},"end":{"line":4,"column":21}},"4":{"start":{"line":5,"column":0},"end":{"line":5,"column":0}},"5":{"start":{"line":6,"column":0},"end":{"line":6,"column":61}},"6":{"start":{"line":7,"column":0},"end":{"line":7,"column":20}},"7":{"start":{"line":8,"column":0},"end":{"line":8,"column":11}},"8":{"start":{"line":9,"column":0},"end":{"line":9,"column":21}},"9":{"start":{"line":10,"column":0},"end":{"line":10,"column":2}}},"s":{"0":0,"1":0,"2":0,"3":0,"4":0,"5":0,"6":0,"7":0,"8":0,"9":0},"branchMap":{"0":{"type":"branch","line":1,"loc":{"start":{"line":1,"column":244},"end":{"line":10,"column":2}},"locations":[{"start":{"line":1,"column":244},"end":{"line":10,"column":2}}]}},"b":{"0":[0]},"fnMap":{"0":{"name":"(empty-report)","decl":{"start":{"line":1,"column":244},"end":{"line":10,"column":2}},"loc":{"start":{"line":1,"column":244},"end":{"line":10,"column":2}},"line":1}},"f":{"0":0}}
,"C:\\Users\\cgz\\calculator-app\\frontend\\src\\components\\ButtonPanel.tsx": {"path":"C:\\Users\\cgz\\calculator-app\\frontend\\src\\components\\ButtonPanel.tsx","all":false,"statementMap":{"0":{"start":{"line":1,"column":0},"end":{"line":1,"column":28}},"1":{"start":{"line":2,"column":0},"end":{"line":2,"column":35}},"2":{"start":{"line":3,"column":0},"end":{"line":3,"column":20}},"3":{"start":{"line":4,"column":0},"end":{"line":4,"column":22}},"4":{"start":{"line":5,"column":0},"end":{"line":5,"column":27}},"5":{"start":{"line":6,"column":0},"end":{"line":6,"column":26}},"6":{"start":{"line":7,"column":0},"end":{"line":7,"column":23}},"7":{"start":{"line":8,"column":0},"end":{"line":8,"column":79}},"8":{"start":{"line":9,"column":0},"end":{"line":9,"column":23}},"9":{"start":{"line":10,"column":0},"end":{"line":10,"column":24}},"10":{"start":{"line":11,"column":0},"end":{"line":11,"column":21}},"11":{"start":{"line":12,"column":0},"end":{"line":12,"column":1}},"12":{"start":{"line":13,"column":0},"end":{"line":13,"column":0}},"13":{"start":{"line":14,"column":0},"end":{"line":14,"column":29}},"14":{"start":{"line":15,"column":0},"end":{"line":15,"column":10}},"15":{"start":{"line":16,"column":0},"end":{"line":16,"column":8}},"16":{"start":{"line":17,"column":0},"end":{"line":17,"column":10}},"17":{"start":{"line":18,"column":0},"end":{"line":18,"column":15}},"18":{"start":{"line":19,"column":0},"end":{"line":19,"column":14}},"19":{"start":{"line":20,"column":0},"end":{"line":20,"column":11}},"20":{"start":{"line":21,"column":0},"end":{"line":21,"column":13}},"21":{"start":{"line":22,"column":0},"end":{"line":22,"column":11}},"22":{"start":{"line":23,"column":0},"end":{"line":23,"column":12}},"23":{"start":{"line":24,"column":0},"end":{"line":24,"column":9}},"24":{"start":{"line":25,"column":0},"end":{"line":25,"column":22}},"25":{"start":{"line":26,"column":0},"end":{"line":26,"column":77}},"26":{"start":{"line":27,"column":0},"end":{"line":27,"column":73}},"27":{"start":{"line":28,"column":0},"end":{"line":28,"column":13}},"28":{"start":{"line":29,"column":0},"end":{"line":29,"column":13}},"29":{"start":{"line":30,"column":0},"end":{"line":30,"column":4}},"30":{"start":{"line":31,"column":0},"end":{"line":31,"column":0}},"31":{"start":{"line":32,"column":0},"end":{"line":32,"column":10}},"32":{"start":{"line":33,"column":0},"end":{"line":33,"column":34}},"33":{"start":{"line":34,"column":0},"end":{"line":34,"column":36}},"34":{"start":{"line":35,"column":0},"end":{"line":35,"column":37}},"35":{"start":{"line":36,"column":0},"end":{"line":36,"column":45}},"36":{"start":{"line":37,"column":0},"end":{"line":37,"column":47}},"37":{"start":{"line":38,"column":0},"end":{"line":38,"column":33}},"38":{"start":{"line":39,"column":0},"end":{"line":39,"column":42}},"39":{"start":{"line":40,"column":0},"end":{"line":40,"column":13}},"40":{"start":{"line":41,"column":0},"end":{"line":41,"column":17}},"41":{"start":{"line":42,"column":0},"end":{"line":42,"column":32}},"42":{"start":{"line":43,"column":0},"end":{"line":43,"column":41}},"43":{"start":{"line":44,"column":0},"end":{"line":44,"column":25}},"44":{"start":{"line":45,"column":0},"end":{"line":45,"column":7}},"45":{"start":{"line":46,"column":0},"end":{"line":46,"column":14}},"46":{"start":{"line":47,"column":0},"end":{"line":47,"column":23}},"47":{"start":{"line":48,"column":0},"end":{"line":48,"column":15}},"48":{"start":{"line":49,"column":0},"end":{"line":49,"column":15}},"49":{"start":{"line":50,"column":0},"end":{"line":50,"column":45}},"50":{"start":{"line":51,"column":0},"end":{"line":51,"column":59}},"51":{"start":{"line":52,"column":0},"end":{"line":52,"column":31}},"52":{"start":{"line":53,"column":0},"end":{"line":53,"column":42}},"53":{"start":{"line":54,"column":0},"end":{"line":54,"column":42}},"54":{"start":{"line":55,"column":0},"end":{"line":55,"column":42}},"55":{"start":{"line":56,"column":0},"end":{"line":56,"column":64}},"56":{"start":{"line":57,"column":0},"end":{"line":57,"column":31}},"57":{"start":{"line":58,"column":0},"end":{"line":58,"column":42}},"58":{"start":{"line":59,"column":0},"end":{"line":59,"column":42}},"59":{"start":{"line":60,"column":0},"end":{"line":60,"column":42}},"60":{"start":{"line":61,"column":0},"end":{"line":61,"column":64}},"61":{"start":{"line":62,"column":0},"end":{"line":62,"column":31}},"62":{"start":{"line":63,"column":0},"end":{"line":63,"column":42}},"63":{"start":{"line":64,"column":0},"end":{"line":64,"column":42}},"64":{"start":{"line":65,"column":0},"end":{"line":65,"column":42}},"65":{"start":{"line":66,"column":0},"end":{"line":66,"column":62}},"66":{"start":{"line":67,"column":0},"end":{"line":67,"column":52}},"67":{"start":{"line":68,"column":0},"end":{"line":68,"column":44}},"68":{"start":{"line":69,"column":0},"end":{"line":69,"column":42}},"69":{"start":{"line":70,"column":0},"end":{"line":70,"column":29}},"70":{"start":{"line":71,"column":0},"end":{"line":71,"column":42}},"71":{"start":{"line":72,"column":0},"end":{"line":72,"column":10}},"72":{"start":{"line":73,"column":0},"end":{"line":73,"column":4}},"73":{"start":{"line":74,"column":0},"end":{"line":74,"column":1}}},"s":{"0":1,"1":1,"2":1,"3":1,"4":1,"5":1,"6":1,"7":1,"8":1,"9":1,"10":1,"11":1,"12":1,"13":1,"14":259,"15":259,"16":259,"17":259,"18":259,"19":259,"20":259,"21":259,"22":259,"23":259,"24":259,"25":259,"26":5698,"27":5698,"28":5698,"29":259,"30":259,"31":259,"32":259,"33":259,"34":259,"35":259,"36":259,"37":259,"38":259,"39":259,"40":259,"41":259,"42":259,"43":259,"44":259,"45":259,"46":259,"47":259,"48":259,"49":259,"50":259,"51":259,"52":259,"53":259,"54":259,"55":259,"56":259,"57":259,"58":259,"59":259,"60":259,"61":259,"62":259,"63":259,"64":259,"65":259,"66":259,"67":259,"68":259,"69":259,"70":259,"71":259,"72":259,"73":259},"branchMap":{"0":{"type":"branch","line":14,"loc":{"start":{"line":14,"column":7},"end":{"line":74,"column":1}},"locations":[{"start":{"line":14,"column":7},"end":{"line":74,"column":1}}]},"1":{"type":"branch","line":26,"loc":{"start":{"line":26,"column":20},"end":{"line":29,"column":13}},"locations":[{"start":{"line":26,"column":20},"end":{"line":29,"column":13}}]},"2":{"type":"branch","line":43,"loc":{"start":{"line":43,"column":17},"end":{"line":43,"column":41}},"locations":[{"start":{"line":43,"column":17},"end":{"line":43,"column":41}}]},"3":{"type":"branch","line":51,"loc":{"start":{"line":51,"column":22},"end":{"line":51,"column":47}},"locations":[{"start":{"line":51,"column":22},"end":{"line":51,"column":47}}]},"4":{"type":"branch","line":53,"loc":{"start":{"line":53,"column":22},"end":{"line":53,"column":40}},"locations":[{"start":{"line":53,"column":22},"end":{"line":53,"column":40}}]},"5":{"type":"branch","line":54,"loc":{"start":{"line":54,"column":22},"end":{"line":54,"column":40}},"locations":[{"start":{"line":54,"column":22},"end":{"line":54,"column":40}}]},"6":{"type":"branch","line":55,"loc":{"start":{"line":55,"column":22},"end":{"line":55,"column":40}},"locations":[{"start":{"line":55,"column":22},"end":{"line":55,"column":40}}]},"7":{"type":"branch","line":58,"loc":{"start":{"line":58,"column":22},"end":{"line":58,"column":40}},"locations":[{"start":{"line":58,"column":22},"end":{"line":58,"column":40}}]},"8":{"type":"branch","line":59,"loc":{"start":{"line":59,"column":22},"end":{"line":59,"column":40}},"locations":[{"start":{"line":59,"column":22},"end":{"line":59,"column":40}}]},"9":{"type":"branch","line":60,"loc":{"start":{"line":60,"column":22},"end":{"line":60,"column":40}},"locations":[{"start":{"line":60,"column":22},"end":{"line":60,"column":40}}]},"10":{"type":"branch","line":61,"loc":{"start":{"line":61,"column":22},"end":{"line":61,"column":52}},"locations":[{"start":{"line":61,"column":22},"end":{"line":61,"column":52}}]},"11":{"type":"branch","line":63,"loc":{"start":{"line":63,"column":22},"end":{"line":63,"column":40}},"locations":[{"start":{"line":63,"column":22},"end":{"line":63,"column":40}}]},"12":{"type":"branch","line":64,"loc":{"start":{"line":64,"column":22},"end":{"line":64,"column":40}},"locations":[{"start":{"line":64,"column":22},"end":{"line":64,"column":40}}]},"13":{"type":"branch","line":65,"loc":{"start":{"line":65,"column":22},"end":{"line":65,"column":40}},"locations":[{"start":{"line":65,"column":22},"end":{"line":65,"column":40}}]},"14":{"type":"branch","line":66,"loc":{"start":{"line":66,"column":22},"end":{"line":66,"column":50}},"locations":[{"start":{"line":66,"column":22},"end":{"line":66,"column":50}}]},"15":{"type":"branch","line":69,"loc":{"start":{"line":69,"column":22},"end":{"line":69,"column":40}},"locations":[{"start":{"line":69,"column":22},"end":{"line":69,"column":40}}]}},"b":{"0":[259],"1":[5698],"2":[3],"3":[11],"4":[2],"5":[2],"6":[5],"7":[4],"8":[18],"9":[2],"10":[6],"11":[12],"12":[15],"13":[13],"14":[3],"15":[22]},"fnMap":{"0":{"name":"ButtonPanel","decl":{"start":{"line":14,"column":7},"end":{"line":74,"column":1}},"loc":{"start":{"line":14,"column":7},"end":{"line":74,"column":1}},"line":14},"1":{"name":"stringBtn","decl":{"start":{"line":26,"column":20},"end":{"line":29,"column":13}},"loc":{"start":{"line":26,"column":20},"end":{"line":29,"column":13}},"line":26},"2":{"name":"onClick","decl":{"start":{"line":43,"column":17},"end":{"line":43,"column":41}},"loc":{"start":{"line":43,"column":17},"end":{"line":43,"column":41}},"line":43}},"f":{"0":259,"1":5698,"2":3}}
,"C:\\Users\\cgz\\calculator-app\\frontend\\src\\components\\Calculator.tsx": {"path":"C:\\Users\\cgz\\calculator-app\\frontend\\src\\components\\Calculator.tsx","all":false,"statementMap":{"0":{"start":{"line":1,"column":0},"end":{"line":1,"column":31}},"1":{"start":{"line":2,"column":0},"end":{"line":2,"column":55}},"2":{"start":{"line":3,"column":0},"end":{"line":3,"column":51}},"3":{"start":{"line":4,"column":0},"end":{"line":4,"column":36}},"4":{"start":{"line":5,"column":0},"end":{"line":5,"column":44}},"5":{"start":{"line":6,"column":0},"end":{"line":6,"column":0}},"6":{"start":{"line":7,"column":0},"end":{"line":7,"column":30}},"7":{"start":{"line":8,"column":0},"end":{"line":8,"column":31}},"8":{"start":{"line":9,"column":0},"end":{"line":9,"column":0}},"9":{"start":{"line":10,"column":0},"end":{"line":10,"column":52}},"10":{"start":{"line":11,"column":0},"end":{"line":11,"column":0}},"11":{"start":{"line":12,"column":0},"end":{"line":12,"column":29}},"12":{"start":{"line":13,"column":0},"end":{"line":13,"column":32}},"13":{"start":{"line":14,"column":0},"end":{"line":14,"column":28}},"14":{"start":{"line":15,"column":0},"end":{"line":15,"column":22}},"15":{"start":{"line":16,"column":0},"end":{"line":16,"column":32}},"16":{"start":{"line":17,"column":0},"end":{"line":17,"column":30}},"17":{"start":{"line":18,"column":0},"end":{"line":18,"column":24}},"18":{"start":{"line":19,"column":0},"end":{"line":19,"column":40}},"19":{"start":{"line":20,"column":0},"end":{"line":20,"column":36}},"20":{"start":{"line":21,"column":0},"end":{"line":21,"column":38}},"21":{"start":{"line":22,"column":0},"end":{"line":22,"column":32}},"22":{"start":{"line":23,"column":0},"end":{"line":23,"column":5}},"23":{"start":{"line":24,"column":0},"end":{"line":24,"column":0}},"24":{"start":{"line":25,"column":0},"end":{"line":25,"column":10}},"25":{"start":{"line":26,"column":0},"end":{"line":26,"column":8}},"26":{"start":{"line":27,"column":0},"end":{"line":27,"column":24}},"27":{"start":{"line":28,"column":0},"end":{"line":28,"column":28}},"28":{"start":{"line":29,"column":0},"end":{"line":29,"column":18}},"29":{"start":{"line":30,"column":0},"end":{"line":30,"column":33}},"30":{"start":{"line":31,"column":0},"end":{"line":31,"column":5}},"31":{"start":{"line":32,"column":0},"end":{"line":32,"column":14}},"32":{"start":{"line":33,"column":0},"end":{"line":33,"column":36}},"33":{"start":{"line":34,"column":0},"end":{"line":34,"column":30}},"34":{"start":{"line":35,"column":0},"end":{"line":35,"column":26}},"35":{"start":{"line":36,"column":0},"end":{"line":36,"column":8}},"36":{"start":{"line":37,"column":0},"end":{"line":37,"column":18}},"37":{"start":{"line":38,"column":0},"end":{"line":38,"column":33}},"38":{"start":{"line":39,"column":0},"end":{"line":39,"column":29}},"39":{"start":{"line":40,"column":0},"end":{"line":40,"column":28}},"40":{"start":{"line":41,"column":0},"end":{"line":41,"column":38}},"41":{"start":{"line":42,"column":0},"end":{"line":42,"column":36}},"42":{"start":{"line":43,"column":0},"end":{"line":43,"column":30}},"43":{"start":{"line":44,"column":0},"end":{"line":44,"column":40}},"44":{"start":{"line":45,"column":0},"end":{"line":45,"column":36}},"45":{"start":{"line":46,"column":0},"end":{"line":46,"column":38}},"46":{"start":{"line":47,"column":0},"end":{"line":47,"column":32}},"47":{"start":{"line":48,"column":0},"end":{"line":48,"column":8}},"48":{"start":{"line":49,"column":0},"end":{"line":49,"column":10}},"49":{"start":{"line":50,"column":0},"end":{"line":50,"column":4}},"50":{"start":{"line":51,"column":0},"end":{"line":51,"column":1}}},"s":{"0":1,"1":1,"2":1,"3":1,"4":1,"5":1,"6":1,"7":260,"8":260,"9":260,"10":260,"11":260,"12":260,"13":260,"14":260,"15":260,"16":260,"17":260,"18":260,"19":260,"20":260,"21":260,"22":260,"23":260,"24":260,"25":260,"26":260,"27":260,"28":260,"29":260,"30":260,"31":260,"32":260,"33":260,"34":260,"35":260,"36":260,"37":260,"38":260,"39":260,"40":260,"41":260,"42":260,"43":260,"44":260,"45":260,"46":260,"47":260,"48":260,"49":260,"50":260},"branchMap":{"0":{"type":"branch","line":7,"loc":{"start":{"line":7,"column":7},"end":{"line":51,"column":1}},"locations":[{"start":{"line":7,"column":7},"end":{"line":51,"column":1}}]}},"b":{"0":[260]},"fnMap":{"0":{"name":"Calculator","decl":{"start":{"line":7,"column":7},"end":{"line":51,"column":1}},"loc":{"start":{"line":7,"column":7},"end":{"line":51,"column":1}},"line":7}},"f":{"0":260}}
,"C:\\Users\\cgz\\calculator-app\\frontend\\src\\components\\Display.tsx": {"path":"C:\\Users\\cgz\\calculator-app\\frontend\\src\\components\\Display.tsx","all":false,"statementMap":{"0":{"start":{"line":1,"column":0},"end":{"line":1,"column":24}},"1":{"start":{"line":2,"column":0},"end":{"line":2,"column":21}},"2":{"start":{"line":3,"column":0},"end":{"line":3,"column":18}},"3":{"start":{"line":4,"column":0},"end":{"line":4,"column":23}},"4":{"start":{"line":5,"column":0},"end":{"line":5,"column":1}},"5":{"start":{"line":6,"column":0},"end":{"line":6,"column":0}},"6":{"start":{"line":7,"column":0},"end":{"line":7,"column":71}},"7":{"start":{"line":8,"column":0},"end":{"line":8,"column":80}},"8":{"start":{"line":9,"column":0},"end":{"line":9,"column":32}},"9":{"start":{"line":10,"column":0},"end":{"line":10,"column":27}},"10":{"start":{"line":11,"column":0},"end":{"line":11,"column":15}},"11":{"start":{"line":12,"column":0},"end":{"line":12,"column":73}},"12":{"start":{"line":13,"column":0},"end":{"line":13,"column":0}},"13":{"start":{"line":14,"column":0},"end":{"line":14,"column":10}},"14":{"start":{"line":15,"column":0},"end":{"line":15,"column":29}},"15":{"start":{"line":16,"column":0},"end":{"line":16,"column":64}},"16":{"start":{"line":17,"column":0},"end":{"line":17,"column":10}},"17":{"start":{"line":18,"column":0},"end":{"line":18,"column":27}},"18":{"start":{"line":19,"column":0},"end":{"line":19,"column":29}},"19":{"start":{"line":20,"column":0},"end":{"line":20,"column":42}},"20":{"start":{"line":21,"column":0},"end":{"line":21,"column":7}},"21":{"start":{"line":22,"column":0},"end":{"line":22,"column":66}},"22":{"start":{"line":23,"column":0},"end":{"line":23,"column":12}},"23":{"start":{"line":24,"column":0},"end":{"line":24,"column":10}},"24":{"start":{"line":25,"column":0},"end":{"line":25,"column":4}},"25":{"start":{"line":26,"column":0},"end":{"line":26,"column":1}}},"s":{"0":1,"1":1,"2":1,"3":1,"4":1,"5":1,"6":1,"7":258,"8":258,"9":258,"10":258,"11":258,"12":258,"13":258,"14":258,"15":258,"16":258,"17":258,"18":258,"19":258,"20":258,"21":258,"22":258,"23":258,"24":258,"25":258},"branchMap":{"0":{"type":"branch","line":7,"loc":{"start":{"line":7,"column":7},"end":{"line":26,"column":1}},"locations":[{"start":{"line":7,"column":7},"end":{"line":26,"column":1}}]},"1":{"type":"branch","line":12,"loc":{"start":{"line":12,"column":13},"end":{"line":12,"column":64}},"locations":[{"start":{"line":12,"column":13},"end":{"line":12,"column":64}}]},"2":{"type":"branch","line":12,"loc":{"start":{"line":12,"column":60},"end":{"line":12,"column":73}},"locations":[{"start":{"line":12,"column":60},"end":{"line":12,"column":73}}]},"3":{"type":"branch","line":16,"loc":{"start":{"line":16,"column":35},"end":{"line":16,"column":58}},"locations":[{"start":{"line":16,"column":35},"end":{"line":16,"column":58}}]},"4":{"type":"branch","line":22,"loc":{"start":{"line":22,"column":9},"end":{"line":22,"column":58}},"locations":[{"start":{"line":22,"column":9},"end":{"line":22,"column":58}}]},"5":{"type":"branch","line":22,"loc":{"start":{"line":22,"column":48},"end":{"line":22,"column":66}},"locations":[{"start":{"line":22,"column":48},"end":{"line":22,"column":66}}]}},"b":{"0":[258],"1":[13],"2":[245],"3":[150],"4":[9],"5":[249]},"fnMap":{"0":{"name":"Display","decl":{"start":{"line":7,"column":7},"end":{"line":26,"column":1}},"loc":{"start":{"line":7,"column":7},"end":{"line":26,"column":1}},"line":7}},"f":{"0":258}}
,"C:\\Users\\cgz\\calculator-app\\frontend\\src\\components\\ErrorBoundary.tsx": {"path":"C:\\Users\\cgz\\calculator-app\\frontend\\src\\components\\ErrorBoundary.tsx","all":false,"statementMap":{"0":{"start":{"line":1,"column":0},"end":{"line":1,"column":50}},"1":{"start":{"line":2,"column":0},"end":{"line":2,"column":0}},"2":{"start":{"line":3,"column":0},"end":{"line":3,"column":17}},"3":{"start":{"line":4,"column":0},"end":{"line":4,"column":22}},"4":{"start":{"line":5,"column":0},"end":{"line":5,"column":1}},"5":{"start":{"line":6,"column":0},"end":{"line":6,"column":0}},"6":{"start":{"line":7,"column":0},"end":{"line":7,"column":17}},"7":{"start":{"line":8,"column":0},"end":{"line":8,"column":20}},"8":{"start":{"line":9,"column":0},"end":{"line":9,"column":1}},"9":{"start":{"line":10,"column":0},"end":{"line":10,"column":0}},"10":{"start":{"line":11,"column":0},"end":{"line":11,"column":53}},"11":{"start":{"line":12,"column":0},"end":{"line":12,"column":37}},"12":{"start":{"line":13,"column":0},"end":{"line":13,"column":0}},"13":{"start":{"line":14,"column":0},"end":{"line":14,"column":37}},"14":{"start":{"line":15,"column":0},"end":{"line":15,"column":30}},"15":{"start":{"line":16,"column":0},"end":{"line":16,"column":3}},"16":{"start":{"line":17,"column":0},"end":{"line":17,"column":0}},"17":{"start":{"line":18,"column":0},"end":{"line":18,"column":12}},"18":{"start":{"line":19,"column":0},"end":{"line":19,"column":30}},"19":{"start":{"line":20,"column":0},"end":{"line":20,"column":14}},"20":{"start":{"line":21,"column":0},"end":{"line":21,"column":40}},"21":{"start":{"line":22,"column":0},"end":{"line":22,"column":47}},"22":{"start":{"line":23,"column":0},"end":{"line":23,"column":14}},"23":{"start":{"line":24,"column":0},"end":{"line":24,"column":8}},"24":{"start":{"line":25,"column":0},"end":{"line":25,"column":5}},"25":{"start":{"line":26,"column":0},"end":{"line":26,"column":31}},"26":{"start":{"line":27,"column":0},"end":{"line":27,"column":3}},"27":{"start":{"line":28,"column":0},"end":{"line":28,"column":1}},"28":{"start":{"line":29,"column":0},"end":{"line":29,"column":0}},"29":{"start":{"line":30,"column":0},"end":{"line":30,"column":29}}},"s":{"0":1,"1":1,"2":1,"3":1,"4":1,"5":1,"6":1,"7":1,"8":1,"9":1,"10":1,"11":4,"12":4,"13":4,"14":2,"15":2,"16":4,"17":4,"18":6,"19":2,"20":2,"21":2,"22":2,"23":2,"24":2,"25":4,"26":6,"27":4,"28":1,"29":1},"branchMap":{"0":{"type":"branch","line":11,"loc":{"start":{"line":11,"column":52},"end":{"line":28,"column":1}},"locations":[{"start":{"line":11,"column":52},"end":{"line":28,"column":1}}]},"1":{"type":"branch","line":14,"loc":{"start":{"line":14,"column":9},"end":{"line":16,"column":3}},"locations":[{"start":{"line":14,"column":9},"end":{"line":16,"column":3}}]},"2":{"type":"branch","line":18,"loc":{"start":{"line":18,"column":2},"end":{"line":27,"column":3}},"locations":[{"start":{"line":18,"column":2},"end":{"line":27,"column":3}}]},"3":{"type":"branch","line":19,"loc":{"start":{"line":19,"column":29},"end":{"line":25,"column":5}},"locations":[{"start":{"line":19,"column":29},"end":{"line":25,"column":5}}]},"4":{"type":"branch","line":25,"loc":{"start":{"line":25,"column":4},"end":{"line":26,"column":31}},"locations":[{"start":{"line":25,"column":4},"end":{"line":26,"column":31}}]}},"b":{"0":[4],"1":[2],"2":[6],"3":[2],"4":[4]},"fnMap":{"0":{"name":"<instance_members_initializer>","decl":{"start":{"line":11,"column":52},"end":{"line":28,"column":1}},"loc":{"start":{"line":11,"column":52},"end":{"line":28,"column":1}},"line":11},"1":{"name":"getDerivedStateFromError","decl":{"start":{"line":14,"column":9},"end":{"line":16,"column":3}},"loc":{"start":{"line":14,"column":9},"end":{"line":16,"column":3}},"line":14},"2":{"name":"render","decl":{"start":{"line":18,"column":2},"end":{"line":27,"column":3}},"loc":{"start":{"line":18,"column":2},"end":{"line":27,"column":3}},"line":18}},"f":{"0":4,"1":2,"2":6}}
,"C:\\Users\\cgz\\calculator-app\\frontend\\src\\hooks\\useCalculator.ts": {"path":"C:\\Users\\cgz\\calculator-app\\frontend\\src\\hooks\\useCalculator.ts","all":false,"statementMap":{"0":{"start":{"line":1,"column":0},"end":{"line":1,"column":46}},"1":{"start":{"line":2,"column":0},"end":{"line":2,"column":44}},"2":{"start":{"line":3,"column":0},"end":{"line":3,"column":0}},"3":{"start":{"line":4,"column":0},"end":{"line":4,"column":80}},"4":{"start":{"line":5,"column":0},"end":{"line":5,"column":0}},"5":{"start":{"line":6,"column":0},"end":{"line":6,"column":49}},"6":{"start":{"line":7,"column":0},"end":{"line":7,"column":11}},"7":{"start":{"line":8,"column":0},"end":{"line":8,"column":16}},"8":{"start":{"line":9,"column":0},"end":{"line":9,"column":16}},"9":{"start":{"line":10,"column":0},"end":{"line":10,"column":14}},"10":{"start":{"line":11,"column":0},"end":{"line":11,"column":11}},"11":{"start":{"line":12,"column":0},"end":{"line":12,"column":15}},"12":{"start":{"line":13,"column":0},"end":{"line":13,"column":12}},"13":{"start":{"line":14,"column":0},"end":{"line":14,"column":2}},"14":{"start":{"line":15,"column":0},"end":{"line":15,"column":0}},"15":{"start":{"line":16,"column":0},"end":{"line":16,"column":51}},"16":{"start":{"line":17,"column":0},"end":{"line":17,"column":11}},"17":{"start":{"line":18,"column":0},"end":{"line":18,"column":11}},"18":{"start":{"line":19,"column":0},"end":{"line":19,"column":11}},"19":{"start":{"line":20,"column":0},"end":{"line":20,"column":11}},"20":{"start":{"line":21,"column":0},"end":{"line":21,"column":11}},"21":{"start":{"line":22,"column":0},"end":{"line":22,"column":11}},"22":{"start":{"line":23,"column":0},"end":{"line":23,"column":11}},"23":{"start":{"line":24,"column":0},"end":{"line":24,"column":11}},"24":{"start":{"line":25,"column":0},"end":{"line":25,"column":11}},"25":{"start":{"line":26,"column":0},"end":{"line":26,"column":11}},"26":{"start":{"line":27,"column":0},"end":{"line":27,"column":11}},"27":{"start":{"line":28,"column":0},"end":{"line":28,"column":11}},"28":{"start":{"line":29,"column":0},"end":{"line":29,"column":2}},"29":{"start":{"line":30,"column":0},"end":{"line":30,"column":0}},"30":{"start":{"line":31,"column":0},"end":{"line":31,"column":22}},"31":{"start":{"line":32,"column":0},"end":{"line":32,"column":30}},"32":{"start":{"line":33,"column":0},"end":{"line":33,"column":0}},"33":{"start":{"line":34,"column":0},"end":{"line":34,"column":43}},"34":{"start":{"line":35,"column":0},"end":{"line":35,"column":18}},"35":{"start":{"line":36,"column":0},"end":{"line":36,"column":14}},"36":{"start":{"line":37,"column":0},"end":{"line":37,"column":45}},"37":{"start":{"line":38,"column":0},"end":{"line":38,"column":14}},"38":{"start":{"line":39,"column":0},"end":{"line":39,"column":1}},"39":{"start":{"line":40,"column":0},"end":{"line":40,"column":0}},"40":{"start":{"line":41,"column":0},"end":{"line":41,"column":54}},"41":{"start":{"line":42,"column":0},"end":{"line":42,"column":30}},"42":{"start":{"line":43,"column":0},"end":{"line":43,"column":34}},"43":{"start":{"line":44,"column":0},"end":{"line":44,"column":13}},"44":{"start":{"line":45,"column":0},"end":{"line":45,"column":1}},"45":{"start":{"line":46,"column":0},"end":{"line":46,"column":0}},"46":{"start":{"line":47,"column":0},"end":{"line":47,"column":44}},"47":{"start":{"line":48,"column":0},"end":{"line":48,"column":78}},"48":{"start":{"line":49,"column":0},"end":{"line":49,"column":28}},"49":{"start":{"line":50,"column":0},"end":{"line":50,"column":76}},"50":{"start":{"line":51,"column":0},"end":{"line":51,"column":46}},"51":{"start":{"line":52,"column":0},"end":{"line":52,"column":47}},"52":{"start":{"line":53,"column":0},"end":{"line":53,"column":33}},"53":{"start":{"line":54,"column":0},"end":{"line":54,"column":13}},"54":{"start":{"line":55,"column":0},"end":{"line":55,"column":1}},"55":{"start":{"line":56,"column":0},"end":{"line":56,"column":0}},"56":{"start":{"line":57,"column":0},"end":{"line":57,"column":33}},"57":{"start":{"line":58,"column":0},"end":{"line":58,"column":46}},"58":{"start":{"line":59,"column":0},"end":{"line":59,"column":51}},"59":{"start":{"line":60,"column":0},"end":{"line":60,"column":58}},"60":{"start":{"line":61,"column":0},"end":{"line":61,"column":72}},"61":{"start":{"line":62,"column":0},"end":{"line":62,"column":67}},"62":{"start":{"line":63,"column":0},"end":{"line":63,"column":66}},"63":{"start":{"line":64,"column":0},"end":{"line":64,"column":66}},"64":{"start":{"line":65,"column":0},"end":{"line":65,"column":0}},"65":{"start":{"line":66,"column":0},"end":{"line":66,"column":35}},"66":{"start":{"line":67,"column":0},"end":{"line":67,"column":20}},"67":{"start":{"line":68,"column":0},"end":{"line":68,"column":22}},"68":{"start":{"line":69,"column":0},"end":{"line":69,"column":19}},"69":{"start":{"line":70,"column":0},"end":{"line":70,"column":26}},"70":{"start":{"line":71,"column":0},"end":{"line":71,"column":22}},"71":{"start":{"line":72,"column":0},"end":{"line":72,"column":31}},"72":{"start":{"line":73,"column":0},"end":{"line":73,"column":31}},"73":{"start":{"line":74,"column":0},"end":{"line":74,"column":9}},"74":{"start":{"line":75,"column":0},"end":{"line":75,"column":0}},"75":{"start":{"line":76,"column":0},"end":{"line":76,"column":40}},"76":{"start":{"line":77,"column":0},"end":{"line":77,"column":19}},"77":{"start":{"line":78,"column":0},"end":{"line":78,"column":20}},"78":{"start":{"line":79,"column":0},"end":{"line":79,"column":9}},"79":{"start":{"line":80,"column":0},"end":{"line":80,"column":0}},"80":{"start":{"line":81,"column":0},"end":{"line":81,"column":39}},"81":{"start":{"line":82,"column":0},"end":{"line":82,"column":19}},"82":{"start":{"line":83,"column":0},"end":{"line":83,"column":27}},"83":{"start":{"line":84,"column":0},"end":{"line":84,"column":22}},"84":{"start":{"line":85,"column":0},"end":{"line":85,"column":13}},"85":{"start":{"line":86,"column":0},"end":{"line":86,"column":5}},"86":{"start":{"line":87,"column":0},"end":{"line":87,"column":70}},"87":{"start":{"line":88,"column":0},"end":{"line":88,"column":25}},"88":{"start":{"line":89,"column":0},"end":{"line":89,"column":0}},"89":{"start":{"line":90,"column":0},"end":{"line":90,"column":36}},"90":{"start":{"line":91,"column":0},"end":{"line":91,"column":19}},"91":{"start":{"line":92,"column":0},"end":{"line":92,"column":27}},"92":{"start":{"line":93,"column":0},"end":{"line":93,"column":69}},"93":{"start":{"line":94,"column":0},"end":{"line":94,"column":28}},"94":{"start":{"line":95,"column":0},"end":{"line":95,"column":24}},"95":{"start":{"line":96,"column":0},"end":{"line":96,"column":14}},"96":{"start":{"line":97,"column":0},"end":{"line":97,"column":24}},"97":{"start":{"line":98,"column":0},"end":{"line":98,"column":7}},"98":{"start":{"line":99,"column":0},"end":{"line":99,"column":12}},"99":{"start":{"line":100,"column":0},"end":{"line":100,"column":28}},"100":{"start":{"line":101,"column":0},"end":{"line":101,"column":27}},"101":{"start":{"line":102,"column":0},"end":{"line":102,"column":21}},"102":{"start":{"line":103,"column":0},"end":{"line":103,"column":9}},"103":{"start":{"line":104,"column":0},"end":{"line":104,"column":35}},"104":{"start":{"line":105,"column":0},"end":{"line":105,"column":31}},"105":{"start":{"line":106,"column":0},"end":{"line":106,"column":9}},"106":{"start":{"line":107,"column":0},"end":{"line":107,"column":26}},"107":{"start":{"line":108,"column":0},"end":{"line":108,"column":9}},"108":{"start":{"line":109,"column":0},"end":{"line":109,"column":5}},"109":{"start":{"line":110,"column":0},"end":{"line":110,"column":31}},"110":{"start":{"line":111,"column":0},"end":{"line":111,"column":34}},"111":{"start":{"line":112,"column":0},"end":{"line":112,"column":0}},"112":{"start":{"line":113,"column":0},"end":{"line":113,"column":33}},"113":{"start":{"line":114,"column":0},"end":{"line":114,"column":24}},"114":{"start":{"line":115,"column":0},"end":{"line":115,"column":21}},"115":{"start":{"line":116,"column":0},"end":{"line":116,"column":29}},"116":{"start":{"line":117,"column":0},"end":{"line":117,"column":35}},"117":{"start":{"line":118,"column":0},"end":{"line":118,"column":30}},"118":{"start":{"line":119,"column":0},"end":{"line":119,"column":26}},"119":{"start":{"line":120,"column":0},"end":{"line":120,"column":35}},"120":{"start":{"line":121,"column":0},"end":{"line":121,"column":26}},"121":{"start":{"line":122,"column":0},"end":{"line":122,"column":15}},"122":{"start":{"line":123,"column":0},"end":{"line":123,"column":7}},"123":{"start":{"line":124,"column":0},"end":{"line":124,"column":79}},"124":{"start":{"line":125,"column":0},"end":{"line":125,"column":28}},"125":{"start":{"line":126,"column":0},"end":{"line":126,"column":32}},"126":{"start":{"line":127,"column":0},"end":{"line":127,"column":75}},"127":{"start":{"line":128,"column":0},"end":{"line":128,"column":15}},"128":{"start":{"line":129,"column":0},"end":{"line":129,"column":7}},"129":{"start":{"line":130,"column":0},"end":{"line":130,"column":29}},"130":{"start":{"line":131,"column":0},"end":{"line":131,"column":85}},"131":{"start":{"line":132,"column":0},"end":{"line":132,"column":26}},"132":{"start":{"line":133,"column":0},"end":{"line":133,"column":35}},"133":{"start":{"line":134,"column":0},"end":{"line":134,"column":15}},"134":{"start":{"line":135,"column":0},"end":{"line":135,"column":7}},"135":{"start":{"line":136,"column":0},"end":{"line":136,"column":64}},"136":{"start":{"line":137,"column":0},"end":{"line":137,"column":66}},"137":{"start":{"line":138,"column":0},"end":{"line":138,"column":6}},"138":{"start":{"line":139,"column":0},"end":{"line":139,"column":50}},"139":{"start":{"line":140,"column":0},"end":{"line":140,"column":4}},"140":{"start":{"line":141,"column":0},"end":{"line":141,"column":0}},"141":{"start":{"line":142,"column":0},"end":{"line":142,"column":38}},"142":{"start":{"line":143,"column":0},"end":{"line":143,"column":19}},"143":{"start":{"line":144,"column":0},"end":{"line":144,"column":27}},"144":{"start":{"line":145,"column":0},"end":{"line":145,"column":33}},"145":{"start":{"line":146,"column":0},"end":{"line":146,"column":28}},"146":{"start":{"line":147,"column":0},"end":{"line":147,"column":24}},"147":{"start":{"line":148,"column":0},"end":{"line":148,"column":33}},"148":{"start":{"line":149,"column":0},"end":{"line":149,"column":23}},"149":{"start":{"line":150,"column":0},"end":{"line":150,"column":13}},"150":{"start":{"line":151,"column":0},"end":{"line":151,"column":5}},"151":{"start":{"line":152,"column":0},"end":{"line":152,"column":27}},"152":{"start":{"line":153,"column":0},"end":{"line":153,"column":23}},"153":{"start":{"line":154,"column":0},"end":{"line":154,"column":33}},"154":{"start":{"line":155,"column":0},"end":{"line":155,"column":13}},"155":{"start":{"line":156,"column":0},"end":{"line":156,"column":5}},"156":{"start":{"line":157,"column":0},"end":{"line":157,"column":64}},"157":{"start":{"line":158,"column":0},"end":{"line":158,"column":39}},"158":{"start":{"line":159,"column":0},"end":{"line":159,"column":5}},"159":{"start":{"line":160,"column":0},"end":{"line":160,"column":52}},"160":{"start":{"line":161,"column":0},"end":{"line":161,"column":0}},"161":{"start":{"line":162,"column":0},"end":{"line":162,"column":35}},"162":{"start":{"line":163,"column":0},"end":{"line":163,"column":27}},"163":{"start":{"line":164,"column":0},"end":{"line":164,"column":41}},"164":{"start":{"line":165,"column":0},"end":{"line":165,"column":23}},"165":{"start":{"line":166,"column":0},"end":{"line":166,"column":29}},"166":{"start":{"line":167,"column":0},"end":{"line":167,"column":24}},"167":{"start":{"line":168,"column":0},"end":{"line":168,"column":34}},"168":{"start":{"line":169,"column":0},"end":{"line":169,"column":30}},"169":{"start":{"line":170,"column":0},"end":{"line":170,"column":26}},"170":{"start":{"line":171,"column":0},"end":{"line":171,"column":35}},"171":{"start":{"line":172,"column":0},"end":{"line":172,"column":15}},"172":{"start":{"line":173,"column":0},"end":{"line":173,"column":7}},"173":{"start":{"line":174,"column":0},"end":{"line":174,"column":11}},"174":{"start":{"line":175,"column":0},"end":{"line":175,"column":46}},"175":{"start":{"line":176,"column":0},"end":{"line":176,"column":47}},"176":{"start":{"line":177,"column":0},"end":{"line":177,"column":52}},"177":{"start":{"line":178,"column":0},"end":{"line":178,"column":31}},"178":{"start":{"line":179,"column":0},"end":{"line":179,"column":46}},"179":{"start":{"line":180,"column":0},"end":{"line":180,"column":26}},"180":{"start":{"line":181,"column":0},"end":{"line":181,"column":36}},"181":{"start":{"line":182,"column":0},"end":{"line":182,"column":32}},"182":{"start":{"line":183,"column":0},"end":{"line":183,"column":28}},"183":{"start":{"line":184,"column":0},"end":{"line":184,"column":37}},"184":{"start":{"line":185,"column":0},"end":{"line":185,"column":17}},"185":{"start":{"line":186,"column":0},"end":{"line":186,"column":9}},"186":{"start":{"line":187,"column":0},"end":{"line":187,"column":30}},"187":{"start":{"line":188,"column":0},"end":{"line":188,"column":48}},"188":{"start":{"line":189,"column":0},"end":{"line":189,"column":23}},"189":{"start":{"line":190,"column":0},"end":{"line":190,"column":34}},"190":{"start":{"line":191,"column":0},"end":{"line":191,"column":24}},"191":{"start":{"line":192,"column":0},"end":{"line":192,"column":28}},"192":{"start":{"line":193,"column":0},"end":{"line":193,"column":41}},"193":{"start":{"line":194,"column":0},"end":{"line":194,"column":24}},"194":{"start":{"line":195,"column":0},"end":{"line":195,"column":34}},"195":{"start":{"line":196,"column":0},"end":{"line":196,"column":7}},"196":{"start":{"line":197,"column":0},"end":{"line":197,"column":28}},"197":{"start":{"line":198,"column":0},"end":{"line":198,"column":24}},"198":{"start":{"line":199,"column":0},"end":{"line":199,"column":33}},"199":{"start":{"line":200,"column":0},"end":{"line":200,"column":6}},"200":{"start":{"line":201,"column":0},"end":{"line":201,"column":14}},"201":{"start":{"line":202,"column":0},"end":{"line":202,"column":4}},"202":{"start":{"line":203,"column":0},"end":{"line":203,"column":0}},"203":{"start":{"line":204,"column":0},"end":{"line":204,"column":78}},"204":{"start":{"line":205,"column":0},"end":{"line":205,"column":64}},"205":{"start":{"line":206,"column":0},"end":{"line":206,"column":44}},"206":{"start":{"line":207,"column":0},"end":{"line":207,"column":54}},"207":{"start":{"line":208,"column":0},"end":{"line":208,"column":26}},"208":{"start":{"line":209,"column":0},"end":{"line":209,"column":27}},"209":{"start":{"line":210,"column":0},"end":{"line":210,"column":22}},"210":{"start":{"line":211,"column":0},"end":{"line":211,"column":32}},"211":{"start":{"line":212,"column":0},"end":{"line":212,"column":28}},"212":{"start":{"line":213,"column":0},"end":{"line":213,"column":24}},"213":{"start":{"line":214,"column":0},"end":{"line":214,"column":33}},"214":{"start":{"line":215,"column":0},"end":{"line":215,"column":18}},"215":{"start":{"line":216,"column":0},"end":{"line":216,"column":5}},"216":{"start":{"line":217,"column":0},"end":{"line":217,"column":9}},"217":{"start":{"line":218,"column":0},"end":{"line":218,"column":69}},"218":{"start":{"line":219,"column":0},"end":{"line":219,"column":45}},"219":{"start":{"line":220,"column":0},"end":{"line":220,"column":50}},"220":{"start":{"line":221,"column":0},"end":{"line":221,"column":29}},"221":{"start":{"line":222,"column":0},"end":{"line":222,"column":28}},"222":{"start":{"line":223,"column":0},"end":{"line":223,"column":28}},"223":{"start":{"line":224,"column":0},"end":{"line":224,"column":66}},"224":{"start":{"line":225,"column":0},"end":{"line":225,"column":82}},"225":{"start":{"line":226,"column":0},"end":{"line":226,"column":36}},"226":{"start":{"line":227,"column":0},"end":{"line":227,"column":24}},"227":{"start":{"line":228,"column":0},"end":{"line":228,"column":34}},"228":{"start":{"line":229,"column":0},"end":{"line":229,"column":30}},"229":{"start":{"line":230,"column":0},"end":{"line":230,"column":26}},"230":{"start":{"line":231,"column":0},"end":{"line":231,"column":35}},"231":{"start":{"line":232,"column":0},"end":{"line":232,"column":20}},"232":{"start":{"line":233,"column":0},"end":{"line":233,"column":7}},"233":{"start":{"line":234,"column":0},"end":{"line":234,"column":48}},"234":{"start":{"line":235,"column":0},"end":{"line":235,"column":28}},"235":{"start":{"line":236,"column":0},"end":{"line":236,"column":18}},"236":{"start":{"line":237,"column":0},"end":{"line":237,"column":26}},"237":{"start":{"line":238,"column":0},"end":{"line":238,"column":70}},"238":{"start":{"line":239,"column":0},"end":{"line":239,"column":86}},"239":{"start":{"line":240,"column":0},"end":{"line":240,"column":26}},"240":{"start":{"line":241,"column":0},"end":{"line":241,"column":21}},"241":{"start":{"line":242,"column":0},"end":{"line":242,"column":32}},"242":{"start":{"line":243,"column":0},"end":{"line":243,"column":45}},"243":{"start":{"line":244,"column":0},"end":{"line":244,"column":22}},"244":{"start":{"line":245,"column":0},"end":{"line":245,"column":26}},"245":{"start":{"line":246,"column":0},"end":{"line":246,"column":23}},"246":{"start":{"line":247,"column":0},"end":{"line":247,"column":26}},"247":{"start":{"line":248,"column":0},"end":{"line":248,"column":61}},"248":{"start":{"line":249,"column":0},"end":{"line":249,"column":77}},"249":{"start":{"line":250,"column":0},"end":{"line":250,"column":31}},"250":{"start":{"line":251,"column":0},"end":{"line":251,"column":22}},"251":{"start":{"line":252,"column":0},"end":{"line":252,"column":32}},"252":{"start":{"line":253,"column":0},"end":{"line":253,"column":28}},"253":{"start":{"line":254,"column":0},"end":{"line":254,"column":24}},"254":{"start":{"line":255,"column":0},"end":{"line":255,"column":33}},"255":{"start":{"line":256,"column":0},"end":{"line":256,"column":18}},"256":{"start":{"line":257,"column":0},"end":{"line":257,"column":5}},"257":{"start":{"line":258,"column":0},"end":{"line":258,"column":40}},"258":{"start":{"line":259,"column":0},"end":{"line":259,"column":0}},"259":{"start":{"line":260,"column":0},"end":{"line":260,"column":37}},"260":{"start":{"line":261,"column":0},"end":{"line":261,"column":30}},"261":{"start":{"line":262,"column":0},"end":{"line":262,"column":21}},"262":{"start":{"line":263,"column":0},"end":{"line":263,"column":47}},"263":{"start":{"line":264,"column":0},"end":{"line":264,"column":29}},"264":{"start":{"line":265,"column":0},"end":{"line":265,"column":29}},"265":{"start":{"line":266,"column":0},"end":{"line":266,"column":24}},"266":{"start":{"line":267,"column":0},"end":{"line":267,"column":15}},"267":{"start":{"line":268,"column":0},"end":{"line":268,"column":7}},"268":{"start":{"line":269,"column":0},"end":{"line":269,"column":67}},"269":{"start":{"line":270,"column":0},"end":{"line":270,"column":51}},"270":{"start":{"line":271,"column":0},"end":{"line":271,"column":37}},"271":{"start":{"line":272,"column":0},"end":{"line":272,"column":0}},"272":{"start":{"line":273,"column":0},"end":{"line":273,"column":48}},"273":{"start":{"line":274,"column":0},"end":{"line":274,"column":0}},"274":{"start":{"line":275,"column":0},"end":{"line":275,"column":33}},"275":{"start":{"line":276,"column":0},"end":{"line":276,"column":24}},"276":{"start":{"line":277,"column":0},"end":{"line":277,"column":34}},"277":{"start":{"line":278,"column":0},"end":{"line":278,"column":35}},"278":{"start":{"line":279,"column":0},"end":{"line":279,"column":56}},"279":{"start":{"line":280,"column":0},"end":{"line":280,"column":62}},"280":{"start":{"line":281,"column":0},"end":{"line":281,"column":15}},"281":{"start":{"line":282,"column":0},"end":{"line":282,"column":7}},"282":{"start":{"line":283,"column":0},"end":{"line":283,"column":0}},"283":{"start":{"line":284,"column":0},"end":{"line":284,"column":53}},"284":{"start":{"line":285,"column":0},"end":{"line":285,"column":31}},"285":{"start":{"line":286,"column":0},"end":{"line":286,"column":22}},"286":{"start":{"line":287,"column":0},"end":{"line":287,"column":32}},"287":{"start":{"line":288,"column":0},"end":{"line":288,"column":33}},"288":{"start":{"line":289,"column":0},"end":{"line":289,"column":67}},"289":{"start":{"line":290,"column":0},"end":{"line":290,"column":6}},"290":{"start":{"line":291,"column":0},"end":{"line":291,"column":76}},"291":{"start":{"line":292,"column":0},"end":{"line":292,"column":4}},"292":{"start":{"line":293,"column":0},"end":{"line":293,"column":0}},"293":{"start":{"line":294,"column":0},"end":{"line":294,"column":42}},"294":{"start":{"line":295,"column":0},"end":{"line":295,"column":44}},"295":{"start":{"line":296,"column":0},"end":{"line":296,"column":27}},"296":{"start":{"line":297,"column":0},"end":{"line":297,"column":106}},"297":{"start":{"line":298,"column":0},"end":{"line":298,"column":28}},"298":{"start":{"line":299,"column":0},"end":{"line":299,"column":24}},"299":{"start":{"line":300,"column":0},"end":{"line":300,"column":33}},"300":{"start":{"line":301,"column":0},"end":{"line":301,"column":5}},"301":{"start":{"line":302,"column":0},"end":{"line":302,"column":51}},"302":{"start":{"line":303,"column":0},"end":{"line":303,"column":0}},"303":{"start":{"line":304,"column":0},"end":{"line":304,"column":43}},"304":{"start":{"line":305,"column":0},"end":{"line":305,"column":30}},"305":{"start":{"line":306,"column":0},"end":{"line":306,"column":23}},"306":{"start":{"line":307,"column":0},"end":{"line":307,"column":0}},"307":{"start":{"line":308,"column":0},"end":{"line":308,"column":40}},"308":{"start":{"line":309,"column":0},"end":{"line":309,"column":25}},"309":{"start":{"line":310,"column":0},"end":{"line":310,"column":21}},"310":{"start":{"line":311,"column":0},"end":{"line":311,"column":0}},"311":{"start":{"line":312,"column":0},"end":{"line":312,"column":10}},"312":{"start":{"line":313,"column":0},"end":{"line":313,"column":12}},"313":{"start":{"line":314,"column":0},"end":{"line":314,"column":15}},"314":{"start":{"line":315,"column":0},"end":{"line":315,"column":10}},"315":{"start":{"line":316,"column":0},"end":{"line":316,"column":15}},"316":{"start":{"line":317,"column":0},"end":{"line":317,"column":13}},"317":{"start":{"line":318,"column":0},"end":{"line":318,"column":10}},"318":{"start":{"line":319,"column":0},"end":{"line":319,"column":15}},"319":{"start":{"line":320,"column":0},"end":{"line":320,"column":14}},"320":{"start":{"line":321,"column":0},"end":{"line":321,"column":11}},"321":{"start":{"line":322,"column":0},"end":{"line":322,"column":19}},"322":{"start":{"line":323,"column":0},"end":{"line":323,"column":17}},"323":{"start":{"line":324,"column":0},"end":{"line":324,"column":18}},"324":{"start":{"line":325,"column":0},"end":{"line":325,"column":15}},"325":{"start":{"line":326,"column":0},"end":{"line":326,"column":4}},"326":{"start":{"line":327,"column":0},"end":{"line":327,"column":1}}},"s":{"0":1,"1":1,"2":1,"3":1,"4":1,"5":1,"6":1,"7":1,"8":1,"9":1,"10":1,"11":1,"12":1,"13":1,"14":1,"15":1,"16":1,"17":1,"18":1,"19":1,"20":1,"21":1,"22":1,"23":1,"24":1,"25":1,"26":1,"27":1,"28":1,"29":1,"30":1,"31":1,"32":1,"33":3,"34":3,"35":3,"36":3,"37":3,"38":3,"39":1,"40":53,"41":53,"42":53,"43":53,"44":53,"45":1,"46":65,"47":65,"48":65,"49":65,"50":65,"51":65,"52":65,"53":65,"54":65,"55":1,"56":1,"57":260,"58":260,"59":260,"60":260,"61":260,"62":260,"63":260,"64":260,"65":260,"66":3,"67":3,"68":3,"69":3,"70":3,"71":3,"72":3,"73":260,"74":260,"75":260,"76":2,"77":2,"78":260,"79":260,"80":260,"81":5,"82":5,"83":1,"84":1,"85":1,"86":4,"87":260,"88":260,"89":260,"90":10,"91":10,"92":5,"93":5,"94":2,"95":5,"96":3,"97":3,"98":5,"99":5,"100":5,"101":1,"102":1,"103":5,"104":2,"105":2,"106":2,"107":5,"108":5,"109":10,"110":260,"111":260,"112":260,"113":260,"114":115,"115":115,"116":2,"117":2,"118":2,"119":2,"120":2,"121":2,"122":2,"123":113,"124":115,"125":2,"126":2,"127":2,"128":2,"129":115,"130":17,"131":17,"132":17,"133":17,"134":17,"135":94,"136":93,"137":115,"138":260,"139":260,"140":260,"141":260,"142":5,"143":5,"144":1,"145":1,"146":1,"147":1,"148":1,"149":1,"150":1,"151":5,"152":1,"153":1,"154":1,"155":1,"156":5,"157":3,"158":3,"159":260,"160":260,"161":260,"162":260,"163":5,"164":5,"165":0,"166":0,"167":0,"168":0,"169":0,"170":0,"171":0,"172":0,"173":5,"174":5,"175":4,"176":5,"177":2,"178":2,"179":2,"180":2,"181":2,"182":2,"183":2,"184":2,"185":2,"186":2,"187":2,"188":2,"189":2,"190":5,"191":1,"192":1,"193":1,"194":1,"195":1,"196":3,"197":3,"198":3,"199":5,"200":260,"201":260,"202":260,"203":260,"204":17,"205":17,"206":17,"207":17,"208":0,"209":0,"210":0,"211":0,"212":0,"213":0,"214":0,"215":0,"216":17,"217":17,"218":13,"219":17,"220":2,"221":2,"222":2,"223":1,"224":1,"225":2,"226":2,"227":2,"228":2,"229":2,"230":2,"231":2,"232":2,"233":11,"234":11,"235":11,"236":11,"237":1,"238":10,"239":17,"240":17,"241":17,"242":17,"243":17,"244":4,"245":4,"246":4,"247":1,"248":3,"249":4,"250":4,"251":4,"252":4,"253":4,"254":4,"255":4,"256":4,"257":260,"258":260,"259":260,"260":260,"261":31,"262":31,"263":31,"264":0,"265":0,"266":0,"267":0,"268":31,"269":1,"270":1,"271":1,"272":1,"273":1,"274":1,"275":1,"276":1,"277":1,"278":1,"279":1,"280":1,"281":1,"282":30,"283":30,"284":30,"285":30,"286":30,"287":30,"288":30,"289":31,"290":260,"291":260,"292":260,"293":260,"294":17,"295":16,"296":16,"297":16,"298":16,"299":16,"300":16,"301":260,"302":260,"303":260,"304":2,"305":260,"306":260,"307":260,"308":5,"309":260,"310":260,"311":260,"312":260,"313":260,"314":260,"315":260,"316":260,"317":260,"318":260,"319":260,"320":260,"321":260,"322":260,"323":260,"324":260,"325":260,"326":260},"branchMap":{"0":{"type":"branch","line":34,"loc":{"start":{"line":34,"column":0},"end":{"line":39,"column":1}},"locations":[{"start":{"line":34,"column":0},"end":{"line":39,"column":1}}]},"1":{"type":"branch","line":37,"loc":{"start":{"line":37,"column":9},"end":{"line":37,"column":44}},"locations":[{"start":{"line":37,"column":9},"end":{"line":37,"column":44}}]},"2":{"type":"branch","line":37,"loc":{"start":{"line":37,"column":37},"end":{"line":37,"column":44}},"locations":[{"start":{"line":37,"column":37},"end":{"line":37,"column":44}}]},"3":{"type":"branch","line":41,"loc":{"start":{"line":41,"column":0},"end":{"line":45,"column":1}},"locations":[{"start":{"line":41,"column":0},"end":{"line":45,"column":1}}]},"4":{"type":"branch","line":43,"loc":{"start":{"line":43,"column":22},"end":{"line":43,"column":34}},"locations":[{"start":{"line":43,"column":22},"end":{"line":43,"column":34}}]},"5":{"type":"branch","line":47,"loc":{"start":{"line":47,"column":0},"end":{"line":55,"column":1}},"locations":[{"start":{"line":47,"column":0},"end":{"line":55,"column":1}}]},"6":{"type":"branch","line":57,"loc":{"start":{"line":57,"column":7},"end":{"line":327,"column":1}},"locations":[{"start":{"line":57,"column":7},"end":{"line":327,"column":1}}]},"7":{"type":"branch","line":66,"loc":{"start":{"line":66,"column":28},"end":{"line":74,"column":5}},"locations":[{"start":{"line":66,"column":28},"end":{"line":74,"column":5}}]},"8":{"type":"branch","line":76,"loc":{"start":{"line":76,"column":33},"end":{"line":79,"column":5}},"locations":[{"start":{"line":76,"column":33},"end":{"line":79,"column":5}}]},"9":{"type":"branch","line":81,"loc":{"start":{"line":81,"column":32},"end":{"line":88,"column":5}},"locations":[{"start":{"line":81,"column":32},"end":{"line":88,"column":5}}]},"10":{"type":"branch","line":83,"loc":{"start":{"line":83,"column":26},"end":{"line":86,"column":5}},"locations":[{"start":{"line":83,"column":26},"end":{"line":86,"column":5}}]},"11":{"type":"branch","line":86,"loc":{"start":{"line":86,"column":4},"end":{"line":87,"column":70}},"locations":[{"start":{"line":86,"column":4},"end":{"line":87,"column":70}}]},"12":{"type":"branch","line":87,"loc":{"start":{"line":87,"column":15},"end":{"line":87,"column":68}},"locations":[{"start":{"line":87,"column":15},"end":{"line":87,"column":68}}]},"13":{"type":"branch","line":87,"loc":{"start":{"line":87,"column":40},"end":{"line":87,"column":64}},"locations":[{"start":{"line":87,"column":40},"end":{"line":87,"column":64}}]},"14":{"type":"branch","line":87,"loc":{"start":{"line":87,"column":60},"end":{"line":87,"column":68}},"locations":[{"start":{"line":87,"column":60},"end":{"line":87,"column":68}}]},"15":{"type":"branch","line":90,"loc":{"start":{"line":90,"column":29},"end":{"line":111,"column":5}},"locations":[{"start":{"line":90,"column":29},"end":{"line":111,"column":5}}]},"16":{"type":"branch","line":92,"loc":{"start":{"line":92,"column":26},"end":{"line":109,"column":5}},"locations":[{"start":{"line":92,"column":26},"end":{"line":109,"column":5}}]},"17":{"type":"branch","line":94,"loc":{"start":{"line":94,"column":27},"end":{"line":96,"column":13}},"locations":[{"start":{"line":94,"column":27},"end":{"line":96,"column":13}}]},"18":{"type":"branch","line":96,"loc":{"start":{"line":96,"column":6},"end":{"line":98,"column":7}},"locations":[{"start":{"line":96,"column":6},"end":{"line":98,"column":7}}]},"19":{"type":"branch","line":100,"loc":{"start":{"line":100,"column":17},"end":{"line":108,"column":7}},"locations":[{"start":{"line":100,"column":17},"end":{"line":108,"column":7}}]},"20":{"type":"branch","line":101,"loc":{"start":{"line":101,"column":26},"end":{"line":103,"column":9}},"locations":[{"start":{"line":101,"column":26},"end":{"line":103,"column":9}}]},"21":{"type":"branch","line":103,"loc":{"start":{"line":103,"column":8},"end":{"line":104,"column":34}},"locations":[{"start":{"line":103,"column":8},"end":{"line":104,"column":34}}]},"22":{"type":"branch","line":104,"loc":{"start":{"line":104,"column":34},"end":{"line":107,"column":26}},"locations":[{"start":{"line":104,"column":34},"end":{"line":107,"column":26}}]},"23":{"type":"branch","line":114,"loc":{"start":{"line":114,"column":4},"end":{"line":138,"column":6}},"locations":[{"start":{"line":114,"column":4},"end":{"line":138,"column":6}}]},"24":{"type":"branch","line":116,"loc":{"start":{"line":116,"column":28},"end":{"line":123,"column":7}},"locations":[{"start":{"line":116,"column":28},"end":{"line":123,"column":7}}]},"25":{"type":"branch","line":123,"loc":{"start":{"line":123,"column":6},"end":{"line":125,"column":27}},"locations":[{"start":{"line":123,"column":6},"end":{"line":125,"column":27}}]},"26":{"type":"branch","line":125,"loc":{"start":{"line":125,"column":27},"end":{"line":129,"column":7}},"locations":[{"start":{"line":125,"column":27},"end":{"line":129,"column":7}}]},"27":{"type":"branch","line":129,"loc":{"start":{"line":129,"column":6},"end":{"line":130,"column":28}},"locations":[{"start":{"line":129,"column":6},"end":{"line":130,"column":28}}]},"28":{"type":"branch","line":130,"loc":{"start":{"line":130,"column":28},"end":{"line":135,"column":7}},"locations":[{"start":{"line":130,"column":28},"end":{"line":135,"column":7}}]},"29":{"type":"branch","line":135,"loc":{"start":{"line":135,"column":6},"end":{"line":136,"column":64}},"locations":[{"start":{"line":135,"column":6},"end":{"line":136,"column":64}}]},"30":{"type":"branch","line":136,"loc":{"start":{"line":136,"column":57},"end":{"line":136,"column":64}},"locations":[{"start":{"line":136,"column":57},"end":{"line":136,"column":64}}]},"31":{"type":"branch","line":136,"loc":{"start":{"line":136,"column":57},"end":{"line":137,"column":66}},"locations":[{"start":{"line":136,"column":57},"end":{"line":137,"column":66}}]},"32":{"type":"branch","line":137,"loc":{"start":{"line":137,"column":17},"end":{"line":137,"column":64}},"locations":[{"start":{"line":137,"column":17},"end":{"line":137,"column":64}}]},"33":{"type":"branch","line":137,"loc":{"start":{"line":137,"column":37},"end":{"line":137,"column":51}},"locations":[{"start":{"line":137,"column":37},"end":{"line":137,"column":51}}]},"34":{"type":"branch","line":137,"loc":{"start":{"line":137,"column":43},"end":{"line":137,"column":64}},"locations":[{"start":{"line":137,"column":43},"end":{"line":137,"column":64}}]},"35":{"type":"branch","line":142,"loc":{"start":{"line":142,"column":31},"end":{"line":160,"column":5}},"locations":[{"start":{"line":142,"column":31},"end":{"line":160,"column":5}}]},"36":{"type":"branch","line":144,"loc":{"start":{"line":144,"column":26},"end":{"line":151,"column":5}},"locations":[{"start":{"line":144,"column":26},"end":{"line":151,"column":5}}]},"37":{"type":"branch","line":151,"loc":{"start":{"line":151,"column":4},"end":{"line":152,"column":26}},"locations":[{"start":{"line":151,"column":4},"end":{"line":152,"column":26}}]},"38":{"type":"branch","line":152,"loc":{"start":{"line":152,"column":26},"end":{"line":156,"column":5}},"locations":[{"start":{"line":152,"column":26},"end":{"line":156,"column":5}}]},"39":{"type":"branch","line":156,"loc":{"start":{"line":156,"column":4},"end":{"line":157,"column":63}},"locations":[{"start":{"line":156,"column":4},"end":{"line":157,"column":63}}]},"40":{"type":"branch","line":157,"loc":{"start":{"line":157,"column":63},"end":{"line":159,"column":5}},"locations":[{"start":{"line":157,"column":63},"end":{"line":159,"column":5}}]},"41":{"type":"branch","line":158,"loc":{"start":{"line":158,"column":17},"end":{"line":158,"column":37}},"locations":[{"start":{"line":158,"column":17},"end":{"line":158,"column":37}}]},"42":{"type":"branch","line":163,"loc":{"start":{"line":163,"column":4},"end":{"line":200,"column":6}},"locations":[{"start":{"line":163,"column":4},"end":{"line":200,"column":6}}]},"43":{"type":"branch","line":165,"loc":{"start":{"line":165,"column":22},"end":{"line":173,"column":7}},"locations":[{"start":{"line":165,"column":22},"end":{"line":173,"column":7}}]},"44":{"type":"branch","line":175,"loc":{"start":{"line":175,"column":44},"end":{"line":177,"column":51}},"locations":[{"start":{"line":175,"column":44},"end":{"line":177,"column":51}}]},"45":{"type":"branch","line":177,"loc":{"start":{"line":177,"column":51},"end":{"line":191,"column":15}},"locations":[{"start":{"line":177,"column":51},"end":{"line":191,"column":15}}]},"46":{"type":"branch","line":191,"loc":{"start":{"line":191,"column":6},"end":{"line":196,"column":7}},"locations":[{"start":{"line":191,"column":6},"end":{"line":196,"column":7}}]},"47":{"type":"branch","line":196,"loc":{"start":{"line":196,"column":6},"end":{"line":199,"column":33}},"locations":[{"start":{"line":196,"column":6},"end":{"line":199,"column":33}}]},"48":{"type":"branch","line":204,"loc":{"start":{"line":204,"column":41},"end":{"line":258,"column":5}},"locations":[{"start":{"line":204,"column":41},"end":{"line":258,"column":5}}]},"49":{"type":"branch","line":205,"loc":{"start":{"line":205,"column":52},"end":{"line":205,"column":64}},"locations":[{"start":{"line":205,"column":52},"end":{"line":205,"column":64}}]},"50":{"type":"branch","line":208,"loc":{"start":{"line":208,"column":25},"end":{"line":216,"column":5}},"locations":[{"start":{"line":208,"column":25},"end":{"line":216,"column":5}}]},"51":{"type":"branch","line":218,"loc":{"start":{"line":218,"column":67},"end":{"line":220,"column":49}},"locations":[{"start":{"line":218,"column":67},"end":{"line":220,"column":49}}]},"52":{"type":"branch","line":220,"loc":{"start":{"line":220,"column":49},"end":{"line":233,"column":7}},"locations":[{"start":{"line":220,"column":49},"end":{"line":233,"column":7}}]},"53":{"type":"branch","line":223,"loc":{"start":{"line":223,"column":23},"end":{"line":224,"column":66}},"locations":[{"start":{"line":223,"column":23},"end":{"line":224,"column":66}}]},"54":{"type":"branch","line":224,"loc":{"start":{"line":224,"column":53},"end":{"line":225,"column":82}},"locations":[{"start":{"line":224,"column":53},"end":{"line":225,"column":82}}]},"55":{"type":"branch","line":233,"loc":{"start":{"line":233,"column":6},"end":{"line":237,"column":26}},"locations":[{"start":{"line":233,"column":6},"end":{"line":237,"column":26}}]},"56":{"type":"branch","line":237,"loc":{"start":{"line":237,"column":21},"end":{"line":238,"column":70}},"locations":[{"start":{"line":237,"column":21},"end":{"line":238,"column":70}}]},"57":{"type":"branch","line":238,"loc":{"start":{"line":238,"column":68},"end":{"line":239,"column":86}},"locations":[{"start":{"line":238,"column":68},"end":{"line":239,"column":86}}]},"58":{"type":"branch","line":244,"loc":{"start":{"line":244,"column":4},"end":{"line":257,"column":5}},"locations":[{"start":{"line":244,"column":4},"end":{"line":257,"column":5}}]},"59":{"type":"branch","line":247,"loc":{"start":{"line":247,"column":21},"end":{"line":248,"column":61}},"locations":[{"start":{"line":247,"column":21},"end":{"line":248,"column":61}}]},"60":{"type":"branch","line":248,"loc":{"start":{"line":248,"column":51},"end":{"line":249,"column":77}},"locations":[{"start":{"line":248,"column":51},"end":{"line":249,"column":77}}]},"61":{"type":"branch","line":261,"loc":{"start":{"line":261,"column":4},"end":{"line":290,"column":6}},"locations":[{"start":{"line":261,"column":4},"end":{"line":290,"column":6}}]},"62":{"type":"branch","line":264,"loc":{"start":{"line":264,"column":28},"end":{"line":268,"column":7}},"locations":[{"start":{"line":264,"column":28},"end":{"line":268,"column":7}}]},"63":{"type":"branch","line":269,"loc":{"start":{"line":269,"column":27},"end":{"line":269,"column":47}},"locations":[{"start":{"line":269,"column":27},"end":{"line":269,"column":47}}]},"64":{"type":"branch","line":269,"loc":{"start":{"line":269,"column":35},"end":{"line":269,"column":66}},"locations":[{"start":{"line":269,"column":35},"end":{"line":269,"column":66}}]},"65":{"type":"branch","line":269,"loc":{"start":{"line":269,"column":66},"end":{"line":282,"column":7}},"locations":[{"start":{"line":269,"column":66},"end":{"line":282,"column":7}}]},"66":{"type":"branch","line":271,"loc":{"start":{"line":271,"column":30},"end":{"line":271,"column":37}},"locations":[{"start":{"line":271,"column":30},"end":{"line":271,"column":37}}]},"67":{"type":"branch","line":282,"loc":{"start":{"line":282,"column":6},"end":{"line":289,"column":67}},"locations":[{"start":{"line":282,"column":6},"end":{"line":289,"column":67}}]},"68":{"type":"branch","line":294,"loc":{"start":{"line":294,"column":35},"end":{"line":302,"column":5}},"locations":[{"start":{"line":294,"column":35},"end":{"line":302,"column":5}}]},"69":{"type":"branch","line":295,"loc":{"start":{"line":295,"column":25},"end":{"line":295,"column":43}},"locations":[{"start":{"line":295,"column":25},"end":{"line":295,"column":43}}]},"70":{"type":"branch","line":295,"loc":{"start":{"line":295,"column":43},"end":{"line":301,"column":5}},"locations":[{"start":{"line":295,"column":43},"end":{"line":301,"column":5}}]},"71":{"type":"branch","line":304,"loc":{"start":{"line":304,"column":36},"end":{"line":306,"column":5}},"locations":[{"start":{"line":304,"column":36},"end":{"line":306,"column":5}}]},"72":{"type":"branch","line":308,"loc":{"start":{"line":308,"column":33},"end":{"line":310,"column":5}},"locations":[{"start":{"line":308,"column":33},"end":{"line":310,"column":5}}]}},"b":{"0":[3],"1":[3],"2":[0],"3":[53],"4":[0],"5":[65],"6":[260],"7":[3],"8":[2],"9":[5],"10":[1],"11":[4],"12":[4],"13":[3],"14":[1],"15":[10],"16":[5],"17":[2],"18":[3],"19":[5],"20":[1],"21":[4],"22":[2],"23":[115],"24":[2],"25":[113],"26":[2],"27":[111],"28":[17],"29":[94],"30":[1],"31":[93],"32":[93],"33":[47],"34":[46],"35":[5],"36":[1],"37":[4],"38":[1],"39":[3],"40":[3],"41":[3],"42":[5],"43":[0],"44":[4],"45":[2],"46":[1],"47":[3],"48":[17],"49":[0],"50":[0],"51":[13],"52":[2],"53":[1],"54":[1],"55":[11],"56":[1],"57":[10],"58":[4],"59":[1],"60":[3],"61":[31],"62":[0],"63":[1],"64":[1],"65":[1],"66":[0],"67":[30],"68":[17],"69":[16],"70":[16],"71":[2],"72":[5]},"fnMap":{"0":{"name":"toSuperscript","decl":{"start":{"line":34,"column":0},"end":{"line":39,"column":1}},"loc":{"start":{"line":34,"column":0},"end":{"line":39,"column":1}},"line":34},"1":{"name":"getFiniteNumber","decl":{"start":{"line":41,"column":0},"end":{"line":45,"column":1}},"loc":{"start":{"line":41,"column":0},"end":{"line":45,"column":1}},"line":41},"2":{"name":"formatResult","decl":{"start":{"line":47,"column":0},"end":{"line":55,"column":1}},"loc":{"start":{"line":47,"column":0},"end":{"line":55,"column":1}},"line":47},"3":{"name":"useCalculator","decl":{"start":{"line":57,"column":7},"end":{"line":327,"column":1}},"loc":{"start":{"line":57,"column":7},"end":{"line":327,"column":1}},"line":57}},"f":{"0":3,"1":53,"2":65,"3":260}}
,"C:\\Users\\cgz\\calculator-app\\frontend\\src\\hooks\\useKeyboard.ts": {"path":"C:\\Users\\cgz\\calculator-app\\frontend\\src\\hooks\\useKeyboard.ts","all":false,"statementMap":{"0":{"start":{"line":1,"column":0},"end":{"line":1,"column":47}},"1":{"start":{"line":2,"column":0},"end":{"line":2,"column":0}},"2":{"start":{"line":3,"column":0},"end":{"line":3,"column":28}},"3":{"start":{"line":4,"column":0},"end":{"line":4,"column":34}},"4":{"start":{"line":5,"column":0},"end":{"line":5,"column":23}},"5":{"start":{"line":6,"column":0},"end":{"line":6,"column":20}},"6":{"start":{"line":7,"column":0},"end":{"line":7,"column":25}},"7":{"start":{"line":8,"column":0},"end":{"line":8,"column":24}},"8":{"start":{"line":9,"column":0},"end":{"line":9,"column":21}},"9":{"start":{"line":10,"column":0},"end":{"line":10,"column":19}},"10":{"start":{"line":11,"column":0},"end":{"line":11,"column":59}},"11":{"start":{"line":12,"column":0},"end":{"line":12,"column":12}},"12":{"start":{"line":13,"column":0},"end":{"line":13,"column":27}},"13":{"start":{"line":14,"column":0},"end":{"line":14,"column":28}},"14":{"start":{"line":15,"column":0},"end":{"line":15,"column":25}},"15":{"start":{"line":16,"column":0},"end":{"line":16,"column":1}},"16":{"start":{"line":17,"column":0},"end":{"line":17,"column":0}},"17":{"start":{"line":18,"column":0},"end":{"line":18,"column":28}},"18":{"start":{"line":19,"column":0},"end":{"line":19,"column":52}},"19":{"start":{"line":20,"column":0},"end":{"line":20,"column":29}},"20":{"start":{"line":21,"column":0},"end":{"line":21,"column":3}},"21":{"start":{"line":22,"column":0},"end":{"line":22,"column":36}},"22":{"start":{"line":23,"column":0},"end":{"line":23,"column":27}},"23":{"start":{"line":24,"column":0},"end":{"line":24,"column":24}},"24":{"start":{"line":25,"column":0},"end":{"line":25,"column":37}},"25":{"start":{"line":26,"column":0},"end":{"line":26,"column":27}},"26":{"start":{"line":27,"column":0},"end":{"line":27,"column":33}},"27":{"start":{"line":28,"column":0},"end":{"line":28,"column":15}},"28":{"start":{"line":29,"column":0},"end":{"line":29,"column":7}},"29":{"start":{"line":30,"column":0},"end":{"line":30,"column":24}},"30":{"start":{"line":31,"column":0},"end":{"line":31,"column":27}},"31":{"start":{"line":32,"column":0},"end":{"line":32,"column":28}},"32":{"start":{"line":33,"column":0},"end":{"line":33,"column":15}},"33":{"start":{"line":34,"column":0},"end":{"line":34,"column":7}},"34":{"start":{"line":35,"column":0},"end":{"line":35,"column":20}},"35":{"start":{"line":36,"column":0},"end":{"line":36,"column":17}},"36":{"start":{"line":37,"column":0},"end":{"line":37,"column":29}},"37":{"start":{"line":38,"column":0},"end":{"line":38,"column":41}},"38":{"start":{"line":39,"column":0},"end":{"line":39,"column":16}},"39":{"start":{"line":40,"column":0},"end":{"line":40,"column":17}},"40":{"start":{"line":41,"column":0},"end":{"line":41,"column":29}},"41":{"start":{"line":42,"column":0},"end":{"line":42,"column":46}},"42":{"start":{"line":43,"column":0},"end":{"line":43,"column":16}},"43":{"start":{"line":44,"column":0},"end":{"line":44,"column":17}},"44":{"start":{"line":45,"column":0},"end":{"line":45,"column":29}},"45":{"start":{"line":46,"column":0},"end":{"line":46,"column":46}},"46":{"start":{"line":47,"column":0},"end":{"line":47,"column":16}},"47":{"start":{"line":48,"column":0},"end":{"line":48,"column":17}},"48":{"start":{"line":49,"column":0},"end":{"line":49,"column":29}},"49":{"start":{"line":50,"column":0},"end":{"line":50,"column":44}},"50":{"start":{"line":51,"column":0},"end":{"line":51,"column":16}},"51":{"start":{"line":52,"column":0},"end":{"line":52,"column":17}},"52":{"start":{"line":53,"column":0},"end":{"line":53,"column":29}},"53":{"start":{"line":54,"column":0},"end":{"line":54,"column":35}},"54":{"start":{"line":55,"column":0},"end":{"line":55,"column":16}},"55":{"start":{"line":56,"column":0},"end":{"line":56,"column":21}},"56":{"start":{"line":57,"column":0},"end":{"line":57,"column":17}},"57":{"start":{"line":58,"column":0},"end":{"line":58,"column":29}},"58":{"start":{"line":59,"column":0},"end":{"line":59,"column":34}},"59":{"start":{"line":60,"column":0},"end":{"line":60,"column":16}},"60":{"start":{"line":61,"column":0},"end":{"line":61,"column":25}},"61":{"start":{"line":62,"column":0},"end":{"line":62,"column":29}},"62":{"start":{"line":63,"column":0},"end":{"line":63,"column":31}},"63":{"start":{"line":64,"column":0},"end":{"line":64,"column":16}},"64":{"start":{"line":65,"column":0},"end":{"line":65,"column":22}},"65":{"start":{"line":66,"column":0},"end":{"line":66,"column":29}},"66":{"start":{"line":67,"column":0},"end":{"line":67,"column":32}},"67":{"start":{"line":68,"column":0},"end":{"line":68,"column":16}},"68":{"start":{"line":69,"column":0},"end":{"line":69,"column":22}},"69":{"start":{"line":70,"column":0},"end":{"line":70,"column":17}},"70":{"start":{"line":71,"column":0},"end":{"line":71,"column":17}},"71":{"start":{"line":72,"column":0},"end":{"line":72,"column":29}},"72":{"start":{"line":73,"column":0},"end":{"line":73,"column":27}},"73":{"start":{"line":74,"column":0},"end":{"line":74,"column":16}},"74":{"start":{"line":75,"column":0},"end":{"line":75,"column":17}},"75":{"start":{"line":76,"column":0},"end":{"line":76,"column":29}},"76":{"start":{"line":77,"column":0},"end":{"line":77,"column":41}},"77":{"start":{"line":78,"column":0},"end":{"line":78,"column":16}},"78":{"start":{"line":79,"column":0},"end":{"line":79,"column":17}},"79":{"start":{"line":80,"column":0},"end":{"line":80,"column":17}},"80":{"start":{"line":81,"column":0},"end":{"line":81,"column":29}},"81":{"start":{"line":82,"column":0},"end":{"line":82,"column":32}},"82":{"start":{"line":83,"column":0},"end":{"line":83,"column":16}},"83":{"start":{"line":84,"column":0},"end":{"line":84,"column":17}},"84":{"start":{"line":85,"column":0},"end":{"line":85,"column":17}},"85":{"start":{"line":86,"column":0},"end":{"line":86,"column":29}},"86":{"start":{"line":87,"column":0},"end":{"line":87,"column":28}},"87":{"start":{"line":88,"column":0},"end":{"line":88,"column":16}},"88":{"start":{"line":89,"column":0},"end":{"line":89,"column":7}},"89":{"start":{"line":90,"column":0},"end":{"line":90,"column":6}},"90":{"start":{"line":91,"column":0},"end":{"line":91,"column":15}},"91":{"start":{"line":92,"column":0},"end":{"line":92,"column":4}},"92":{"start":{"line":93,"column":0},"end":{"line":93,"column":0}},"93":{"start":{"line":94,"column":0},"end":{"line":94,"column":19}},"94":{"start":{"line":95,"column":0},"end":{"line":95,"column":43}},"95":{"start":{"line":96,"column":0},"end":{"line":96,"column":27}},"96":{"start":{"line":97,"column":0},"end":{"line":97,"column":57}},"97":{"start":{"line":98,"column":0},"end":{"line":98,"column":22}},"98":{"start":{"line":99,"column":0},"end":{"line":99,"column":73}},"99":{"start":{"line":100,"column":0},"end":{"line":100,"column":36}},"100":{"start":{"line":101,"column":0},"end":{"line":101,"column":1}}},"s":{"0":1,"1":1,"2":1,"3":1,"4":1,"5":1,"6":1,"7":1,"8":1,"9":1,"10":1,"11":1,"12":1,"13":1,"14":1,"15":1,"16":1,"17":1,"18":260,"19":260,"20":260,"21":260,"22":260,"23":37,"24":37,"25":20,"26":20,"27":20,"28":20,"29":37,"30":1,"31":1,"32":1,"33":1,"34":16,"35":37,"36":2,"37":2,"38":2,"39":37,"40":1,"41":1,"42":1,"43":37,"44":1,"45":1,"46":1,"47":37,"48":1,"49":1,"50":1,"51":37,"52":1,"53":1,"54":1,"55":37,"56":37,"57":1,"58":1,"59":1,"60":37,"61":1,"62":1,"63":1,"64":37,"65":1,"66":1,"67":1,"68":37,"69":37,"70":37,"71":2,"72":2,"73":2,"74":37,"75":1,"76":1,"77":1,"78":37,"79":37,"80":1,"81":1,"82":1,"83":37,"84":37,"85":2,"86":2,"87":2,"88":37,"89":37,"90":260,"91":260,"92":260,"93":260,"94":258,"95":258,"96":258,"97":258,"98":258,"99":260,"100":260},"branchMap":{"0":{"type":"branch","line":18,"loc":{"start":{"line":18,"column":7},"end":{"line":101,"column":1}},"locations":[{"start":{"line":18,"column":7},"end":{"line":101,"column":1}}]},"1":{"type":"branch","line":23,"loc":{"start":{"line":23,"column":4},"end":{"line":90,"column":6}},"locations":[{"start":{"line":23,"column":4},"end":{"line":90,"column":6}}]},"2":{"type":"branch","line":25,"loc":{"start":{"line":25,"column":17},"end":{"line":25,"column":36}},"locations":[{"start":{"line":25,"column":17},"end":{"line":25,"column":36}}]},"3":{"type":"branch","line":25,"loc":{"start":{"line":25,"column":36},"end":{"line":29,"column":7}},"locations":[{"start":{"line":25,"column":36},"end":{"line":29,"column":7}}]},"4":{"type":"branch","line":29,"loc":{"start":{"line":29,"column":6},"end":{"line":30,"column":23}},"locations":[{"start":{"line":29,"column":6},"end":{"line":30,"column":23}}]},"5":{"type":"branch","line":30,"loc":{"start":{"line":30,"column":23},"end":{"line":34,"column":7}},"locations":[{"start":{"line":30,"column":23},"end":{"line":34,"column":7}}]},"6":{"type":"branch","line":34,"loc":{"start":{"line":34,"column":6},"end":{"line":35,"column":20}},"locations":[{"start":{"line":34,"column":6},"end":{"line":35,"column":20}}]},"7":{"type":"branch","line":36,"loc":{"start":{"line":36,"column":8},"end":{"line":39,"column":16}},"locations":[{"start":{"line":36,"column":8},"end":{"line":39,"column":16}}]},"8":{"type":"branch","line":40,"loc":{"start":{"line":40,"column":8},"end":{"line":43,"column":16}},"locations":[{"start":{"line":40,"column":8},"end":{"line":43,"column":16}}]},"9":{"type":"branch","line":44,"loc":{"start":{"line":44,"column":8},"end":{"line":47,"column":16}},"locations":[{"start":{"line":44,"column":8},"end":{"line":47,"column":16}}]},"10":{"type":"branch","line":48,"loc":{"start":{"line":48,"column":8},"end":{"line":51,"column":16}},"locations":[{"start":{"line":48,"column":8},"end":{"line":51,"column":16}}]},"11":{"type":"branch","line":52,"loc":{"start":{"line":52,"column":8},"end":{"line":55,"column":16}},"locations":[{"start":{"line":52,"column":8},"end":{"line":55,"column":16}}]},"12":{"type":"branch","line":56,"loc":{"start":{"line":56,"column":8},"end":{"line":56,"column":21}},"locations":[{"start":{"line":56,"column":8},"end":{"line":56,"column":21}}]},"13":{"type":"branch","line":57,"loc":{"start":{"line":57,"column":8},"end":{"line":60,"column":16}},"locations":[{"start":{"line":57,"column":8},"end":{"line":60,"column":16}}]},"14":{"type":"branch","line":61,"loc":{"start":{"line":61,"column":8},"end":{"line":64,"column":16}},"locations":[{"start":{"line":61,"column":8},"end":{"line":64,"column":16}}]},"15":{"type":"branch","line":65,"loc":{"start":{"line":65,"column":8},"end":{"line":68,"column":16}},"locations":[{"start":{"line":65,"column":8},"end":{"line":68,"column":16}}]},"16":{"type":"branch","line":69,"loc":{"start":{"line":69,"column":8},"end":{"line":69,"column":22}},"locations":[{"start":{"line":69,"column":8},"end":{"line":69,"column":22}}]},"17":{"type":"branch","line":70,"loc":{"start":{"line":70,"column":8},"end":{"line":70,"column":17}},"locations":[{"start":{"line":70,"column":8},"end":{"line":70,"column":17}}]},"18":{"type":"branch","line":71,"loc":{"start":{"line":71,"column":8},"end":{"line":74,"column":16}},"locations":[{"start":{"line":71,"column":8},"end":{"line":74,"column":16}}]},"19":{"type":"branch","line":75,"loc":{"start":{"line":75,"column":8},"end":{"line":78,"column":16}},"locations":[{"start":{"line":75,"column":8},"end":{"line":78,"column":16}}]},"20":{"type":"branch","line":79,"loc":{"start":{"line":79,"column":8},"end":{"line":79,"column":17}},"locations":[{"start":{"line":79,"column":8},"end":{"line":79,"column":17}}]},"21":{"type":"branch","line":80,"loc":{"start":{"line":80,"column":8},"end":{"line":83,"column":16}},"locations":[{"start":{"line":80,"column":8},"end":{"line":83,"column":16}}]},"22":{"type":"branch","line":84,"loc":{"start":{"line":84,"column":8},"end":{"line":84,"column":17}},"locations":[{"start":{"line":84,"column":8},"end":{"line":84,"column":17}}]},"23":{"type":"branch","line":85,"loc":{"start":{"line":85,"column":8},"end":{"line":88,"column":16}},"locations":[{"start":{"line":85,"column":8},"end":{"line":88,"column":16}}]},"24":{"type":"branch","line":94,"loc":{"start":{"line":94,"column":12},"end":{"line":100,"column":5}},"locations":[{"start":{"line":94,"column":12},"end":{"line":100,"column":5}}]},"25":{"type":"branch","line":96,"loc":{"start":{"line":96,"column":20},"end":{"line":96,"column":27}},"locations":[{"start":{"line":96,"column":20},"end":{"line":96,"column":27}}]},"26":{"type":"branch","line":99,"loc":{"start":{"line":99,"column":11},"end":{"line":99,"column":73}},"locations":[{"start":{"line":99,"column":11},"end":{"line":99,"column":73}}]}},"b":{"0":[260],"1":[37],"2":[30],"3":[20],"4":[17],"5":[1],"6":[16],"7":[2],"8":[1],"9":[1],"10":[1],"11":[1],"12":[1],"13":[1],"14":[1],"15":[1],"16":[1],"17":[2],"18":[2],"19":[1],"20":[1],"21":[1],"22":[2],"23":[2],"24":[258],"25":[0],"26":[258]},"fnMap":{"0":{"name":"useKeyboard","decl":{"start":{"line":18,"column":7},"end":{"line":101,"column":1}},"loc":{"start":{"line":18,"column":7},"end":{"line":101,"column":1}},"line":18}},"f":{"0":260}}
,"C:\\Users\\cgz\\calculator-app\\frontend\\src\\services\\api.ts": {"path":"C:\\Users\\cgz\\calculator-app\\frontend\\src\\services\\api.ts","all":false,"statementMap":{"0":{"start":{"line":1,"column":0},"end":{"line":1,"column":47}},"1":{"start":{"line":2,"column":0},"end":{"line":2,"column":51}},"2":{"start":{"line":3,"column":0},"end":{"line":3,"column":0}},"3":{"start":{"line":4,"column":0},"end":{"line":4,"column":79}},"4":{"start":{"line":5,"column":0},"end":{"line":5,"column":0}},"5":{"start":{"line":6,"column":0},"end":{"line":6,"column":32}},"6":{"start":{"line":7,"column":0},"end":{"line":7,"column":30}},"7":{"start":{"line":8,"column":0},"end":{"line":8,"column":19}},"8":{"start":{"line":9,"column":0},"end":{"line":9,"column":20}},"9":{"start":{"line":10,"column":0},"end":{"line":10,"column":20}},"10":{"start":{"line":11,"column":0},"end":{"line":11,"column":18}},"11":{"start":{"line":12,"column":0},"end":{"line":12,"column":0}},"12":{"start":{"line":13,"column":0},"end":{"line":13,"column":28}},"13":{"start":{"line":14,"column":0},"end":{"line":14,"column":63}},"14":{"start":{"line":15,"column":0},"end":{"line":15,"column":10}},"15":{"start":{"line":16,"column":0},"end":{"line":16,"column":54}},"16":{"start":{"line":17,"column":0},"end":{"line":17,"column":91}},"17":{"start":{"line":18,"column":0},"end":{"line":18,"column":3}},"18":{"start":{"line":19,"column":0},"end":{"line":19,"column":0}},"19":{"start":{"line":20,"column":0},"end":{"line":20,"column":31}},"20":{"start":{"line":21,"column":0},"end":{"line":21,"column":32}},"21":{"start":{"line":22,"column":0},"end":{"line":22,"column":16}},"22":{"start":{"line":23,"column":0},"end":{"line":23,"column":56}},"23":{"start":{"line":24,"column":0},"end":{"line":24,"column":3}},"24":{"start":{"line":25,"column":0},"end":{"line":25,"column":21}},"25":{"start":{"line":26,"column":0},"end":{"line":26,"column":1}}},"s":{"0":1,"1":1,"2":1,"3":1,"4":1,"5":5,"6":5,"7":5,"8":5,"9":5,"10":5,"11":5,"12":5,"13":1,"14":5,"15":4,"16":4,"17":4,"18":5,"19":5,"20":5,"21":5,"22":2,"23":2,"24":3,"25":3},"branchMap":{"0":{"type":"branch","line":6,"loc":{"start":{"line":6,"column":0},"end":{"line":26,"column":1}},"locations":[{"start":{"line":6,"column":0},"end":{"line":26,"column":1}}]},"1":{"type":"branch","line":13,"loc":{"start":{"line":13,"column":27},"end":{"line":15,"column":9}},"locations":[{"start":{"line":13,"column":27},"end":{"line":15,"column":9}}]},"2":{"type":"branch","line":15,"loc":{"start":{"line":15,"column":2},"end":{"line":18,"column":3}},"locations":[{"start":{"line":15,"column":2},"end":{"line":18,"column":3}}]},"3":{"type":"branch","line":22,"loc":{"start":{"line":22,"column":15},"end":{"line":24,"column":3}},"locations":[{"start":{"line":22,"column":15},"end":{"line":24,"column":3}}]},"4":{"type":"branch","line":23,"loc":{"start":{"line":23,"column":25},"end":{"line":23,"column":54}},"locations":[{"start":{"line":23,"column":25},"end":{"line":23,"column":54}}]},"5":{"type":"branch","line":24,"loc":{"start":{"line":24,"column":2},"end":{"line":26,"column":1}},"locations":[{"start":{"line":24,"column":2},"end":{"line":26,"column":1}}]}},"b":{"0":[5],"1":[1],"2":[4],"3":[2],"4":[1],"5":[3]},"fnMap":{"0":{"name":"calculate","decl":{"start":{"line":6,"column":0},"end":{"line":26,"column":1}},"loc":{"start":{"line":6,"column":0},"end":{"line":26,"column":1}},"line":6}},"f":{"0":5}}
}
